<?xml version="1.0" encoding="UTF-8"?>
<testsuite xmlns:xsi="http://www.w3.org/2001/XMLSchema-instance" xsi:noNamespaceSchemaLocation="https://maven.apache.org/surefire/maven-surefire-plugin/xsd/surefire-test-report-3.0.xsd" version="3.0" name="TestSuite" time="166.18" tests="79" errors="0" skipped="0" failures="0">
  <properties>
[...]
</properties>
  <testcase name="loginTest" classname="com.testserver.testcases.ALogin_QATest" time="5.09">
    <system-out><![CDATA[lakshmanarao@blubirch.com
blubirch123
]]></system-out>
    <system-err><![CDATA[SLF4J: Failed to load class "org.slf4j.impl.StaticLoggerBinder".
SLF4J: Defaulting to no-operation (NOP) logger implementation
SLF4J: See http://www.slf4j.org/codes.html#StaticLoggerBinder for further details.
Starting ChromeDriver 125.0.6422.141 (4b1e83937122185343ba92e909b021f307c719ca-refs/branch-heads/6422@{#1186}) on port 23611
Only local connections are allowed.
Please see https://chromedriver.chromium.org/security-considerations for suggestions on keeping ChromeDriver safe.
ChromeDriver was started successfully.
Jun 05, 2024 6:33:43 PM org.openqa.selenium.remote.ProtocolHandshake createSession
INFO: Detected dialect: W3C
ERROR StatusLogger Log4j2 could not find a logging implementation. Please add log4j-core to the classpath. Using SimpleLogger to log to the console...
]]></system-err>
  </testcase>
  <testcase name="clickOnDispositionlinkTest" classname="com.testserver.testcases.BDisposition_Test" time="3.688"/>
  <testcase name="clickBCL" classname="com.testserver.testcases.CBrandcalllog_Test" time="2.927">
    <system-out><![CDATA[28201
28201
Open cases count validated
]]></system-out>
  </testcase>
  <testcase name="bclSelectTag" classname="com.testserver.testcases.CBrandcalllog_Test" time="1.064"/>
  <testcase name="bclUpdateIntiation" classname="com.testserver.testcases.CBrandcalllog_Test" time="0.685"/>
  <testcase name="bclEmailDate" classname="com.testserver.testcases.CBrandcalllog_Test" time="3.817"/>
  <testcase name="bclInitiationLocation" classname="com.testserver.testcases.CBrandcalllog_Test" time="1.119"/>
  <testcase name="bclLocationInhouse" classname="com.testserver.testcases.CBrandcalllog_Test" time="0.146"/>
  <testcase name="bclAddremarks" classname="com.testserver.testcases.CBrandcalllog_Test" time="1.031"/>
  <testcase name="bclFirstConfirm" classname="com.testserver.testcases.CBrandcalllog_Test" time="0.429"/>
  <testcase name="bclSelectItem" classname="com.testserver.testcases.CBrandcalllog_Test" time="2.024"/>
  <testcase name="bclUpdateCallLogTag" classname="com.testserver.testcases.CBrandcalllog_Test" time="1.12"/>
  <testcase name="bclEnterCallLog" classname="com.testserver.testcases.CBrandcalllog_Test" time="0.807"/>
  <testcase name="bclUpdateSecond" classname="com.testserver.testcases.CBrandcalllog_Test" time="0.323">
    <system-out><![CDATA[Call Log Number Updated succusfully
]]></system-out>
  </testcase>
  <testcase name="bclInspectionSelectTag" classname="com.testserver.testcases.CBrandcalllog_Test" time="1.841"/>
  <testcase name="bclInspectionUpdate" classname="com.testserver.testcases.CBrandcalllog_Test" time="0.64"/>
  <testcase name="bclEnterInvoice" classname="com.testserver.testcases.CBrandcalllog_Test" time="0.858"/>
  <testcase name="bclInspectionThird" classname="com.testserver.testcases.CBrandcalllog_Test" time="0.331"/>
  <testcase name="bclSelectTagBrand" classname="com.testserver.testcases.CBrandcalllog_Test" time="1.157"/>
  <testcase name="bclInspectionBrandInspection" classname="com.testserver.testcases.CBrandcalllog_Test" time="0.64"/>
  <testcase name="bclBrandInspectionDate" classname="com.testserver.testcases.CBrandcalllog_Test" time="4.06"/>
  <testcase name="bclBrandInspectionLocation" classname="com.testserver.testcases.CBrandcalllog_Test" time="0.599"/>
  <testcase name="bclBrandLocationInhouse" classname="com.testserver.testcases.CBrandcalllog_Test" time="0.144"/>
  <testcase name="bclBrandInspectionRemarks" classname="com.testserver.testcases.CBrandcalllog_Test" time="0.867"/>
  <testcase name="bclBrandInspectionAttachDoc" classname="com.testserver.testcases.CBrandcalllog_Test" time="3.342"/>
  <testcase name="bclBrandInspectionConfirm" classname="com.testserver.testcases.CBrandcalllog_Test" time="2.121">
    <system-out><![CDATA[Brand Inpsetion Succussfully verifyied
]]></system-out>
  </testcase>
  <testcase name="bclResolutionSelectItem" classname="com.testserver.testcases.CBrandcalllog_Test" time="4.695"/>
  <testcase name="bclBrandResolution" classname="com.testserver.testcases.CBrandcalllog_Test" time="1.641"/>
  <testcase name="bclBrandInspectionSetDisposition" classname="com.testserver.testcases.CBrandcalllog_Test" time="0.146"/>
  <testcase name="bclBrandSetDispoInsurance" classname="com.testserver.testcases.CBrandcalllog_Test" time="0.633"/>
  <testcase name="bclBrandResolutionRemarks" classname="com.testserver.testcases.CBrandcalllog_Test" time="0.909"/>
  <testcase name="bclBrandResolutionAttachDoc" classname="com.testserver.testcases.CBrandcalllog_Test" time="2.847"/>
  <testcase name="bclBrandResolutionConfirm" classname="com.testserver.testcases.CBrandcalllog_Test" time="2.202">
    <system-out><![CDATA[Brand Resolution Succussfully verifyied
]]></system-out>
  </testcase>
  <testcase name="Disposition" classname="com.testserver.testcases.CBrandcalllog_Test" time="2.134"/>
  <testcase name="Insurance1" classname="com.testserver.testcases.DInsurance_Test" time="2.044">
    <system-out><![CDATA[458
458
Open cases count validated
]]></system-out>
  </testcase>
  <testcase name="insuSelectItem" classname="com.testserver.testcases.DInsurance_Test" time="5.398"/>
  <testcase name="insuClaimSubmitionDate" classname="com.testserver.testcases.DInsurance_Test" time="4.28"/>
  <testcase name="insuClaimAmount" classname="com.testserver.testcases.DInsurance_Test" time="1.301"/>
  <testcase name="insuAddRemarks" classname="com.testserver.testcases.DInsurance_Test" time="1.21"/>
  <testcase name="insuAttachDoc" classname="com.testserver.testcases.DInsurance_Test" time="2.669"/>
  <testcase name="insuConfirmFirst" classname="com.testserver.testcases.DInsurance_Test" time="3.133">
    <system-out><![CDATA[Pending claim registration succussfully updated
]]></system-out>
  </testcase>
  <testcase name="insuUpdateCallSelectItem" classname="com.testserver.testcases.DInsurance_Test" time="3.137"/>
  <testcase name="insuUpdateClaimCallLog" classname="com.testserver.testcases.DInsurance_Test" time="3.129"/>
  <testcase name="insuEnterCallLog" classname="com.testserver.testcases.DInsurance_Test" time="1.315"/>
  <testcase name="insuConfirmSecond" classname="com.testserver.testcases.DInsurance_Test" time="1.665">
    <system-out><![CDATA[CallLog No. updated succussfully
]]></system-out>
  </testcase>
  <testcase name="insuSurveyorSelectItem" classname="com.testserver.testcases.DInsurance_Test" time="2.146"/>
  <testcase name="insuSurveyorClaimInspectionDate" classname="com.testserver.testcases.DInsurance_Test" time="6.225"/>
  <testcase name="InsuSurveyorAddRemarks" classname="com.testserver.testcases.DInsurance_Test" time="0.8"/>
  <testcase name="insuAttachDocInspection" classname="com.testserver.testcases.DInsurance_Test" time="3.106"/>
  <testcase name="insuConfirmThird" classname="com.testserver.testcases.DInsurance_Test" time="1.603">
    <system-out><![CDATA[Pending surveyor inspection verifyied succusfully
]]></system-out>
  </testcase>
  <testcase name="insuClaimResolutionApprove" classname="com.testserver.testcases.DInsurance_Test" time="2.818"/>
  <testcase name="insuClaimResolutionApprovelDate" classname="com.testserver.testcases.DInsurance_Test" time="5.268"/>
  <testcase name="insuClaimResolutionApprovedAmount" classname="com.testserver.testcases.DInsurance_Test" time="0.272"/>
  <testcase name="insuClaimResolutionAddRemarks" classname="com.testserver.testcases.DInsurance_Test" time="0.362"/>
  <testcase name="insuAttachDocClaimresolution" classname="com.testserver.testcases.DInsurance_Test" time="3.16"/>
  <testcase name="insuConfirmFourth" classname="com.testserver.testcases.DInsurance_Test" time="2.122">
    <system-out><![CDATA[Pending claim resolution updated succussfully
]]></system-out>
  </testcase>
  <testcase name="insuPendingLiquidationSelectItem" classname="com.testserver.testcases.DInsurance_Test" time="8.902"/>
  <testcase name="insuPendingLiquidSetDisposition" classname="com.testserver.testcases.DInsurance_Test" time="1.119"/>
  <testcase name="insuSetDispositionLiquidation" classname="com.testserver.testcases.DInsurance_Test" time="1.152"/>
  <testcase name="insuPendingLiquidationAddRemarks" classname="com.testserver.testcases.DInsurance_Test" time="1.865"/>
  <testcase name="insuAttachDocPendingLiqui" classname="com.testserver.testcases.DInsurance_Test" time="3.159"/>
  <testcase name="insuConfirm5th" classname="com.testserver.testcases.DInsurance_Test" time="2.141">
    <system-out><![CDATA[Pending liquidation item succussfully moved 
]]></system-out>
  </testcase>
  <testcase name="Disposition" classname="com.testserver.testcases.DInsurance_Test" time="2.148"/>
  <testcase name="RTV" classname="com.testserver.testcases.FRTV_Test" time="2.15">
    <system-out><![CDATA[129401
129401
Open cases count validated
]]></system-out>
  </testcase>
  <testcase name="rtvSelectItem" classname="com.testserver.testcases.FRTV_Test" time="1.729"/>
  <testcase name="RTVSetDisposition" classname="com.testserver.testcases.FRTV_Test" time="1.619"/>
  <testcase name="RTVDispoToInsurance" classname="com.testserver.testcases.FRTV_Test" time="1.678"/>
  <testcase name="RTVAddRemarks" classname="com.testserver.testcases.FRTV_Test" time="0.856"/>
  <testcase name="RTVAttachDoc" classname="com.testserver.testcases.FRTV_Test" time="2.654"/>
  <testcase name="RTVConfirm" classname="com.testserver.testcases.FRTV_Test" time="2.147"/>
  <testcase name="rtvSelectItemForDispatch" classname="com.testserver.testcases.FRTV_Test" time="3.129"/>
  <testcase name="RTVMoveToDispatch" classname="com.testserver.testcases.FRTV_Test" time="2.188"/>
  <testcase name="RTVVendorcode" classname="com.testserver.testcases.FRTV_Test" time="0.23"/>
  <testcase name="RTVVendorDropdown" classname="com.testserver.testcases.FRTV_Test" time="2.317"/>
  <testcase name="RTVLotName" classname="com.testserver.testcases.FRTV_Test" time="0.844"/>
  <testcase name="RTVConfirmDispatch" classname="com.testserver.testcases.FRTV_Test" time="1.656"/>
  <testcase name="RTVDispatchOkbutton" classname="com.testserver.testcases.FRTV_Test" time="2.536">
    <system-out><![CDATA[Lot succussfully created from RTV
]]></system-out>
  </testcase>
  <testcase name="logout" classname="com.testserver.testcases.ZLogout_Test" time="1.366"/>
  <testcase name="Logout_Test" classname="com.testserver.testcases.ZLogout_Test" time="1.095"/>
</testsuite>