<?xml version="1.0" encoding="UTF-8"?>
<testsuite xmlns:xsi="http://www.w3.org/2001/XMLSchema-instance" xsi:noNamespaceSchemaLocation="https://maven.apache.org/surefire/maven-surefire-plugin/xsd/surefire-test-report-3.0.xsd" version="3.0" name="TestSuite" time="157.406" tests="79" errors="0" skipped="0" failures="0">
  <properties>
[...]
</properties>
  <testcase name="loginTest" classname="com.testserver.testcases.ALogin_QATest" time="5.37">
    <system-out><![CDATA[lakshmanarao@blubirch.com
blubirch123
]]></system-out>
    <system-err><![CDATA[SLF4J: Failed to load class "org.slf4j.impl.StaticLoggerBinder".
SLF4J: Defaulting to no-operation (NOP) logger implementation
SLF4J: See http://www.slf4j.org/codes.html#StaticLoggerBinder for further details.
Starting ChromeDriver 125.0.6422.141 (4b1e83937122185343ba92e909b021f307c719ca-refs/branch-heads/6422@{#1186}) on port 60178
Only local connections are allowed.
Please see https://chromedriver.chromium.org/security-considerations for suggestions on keeping ChromeDriver safe.
ChromeDriver was started successfully.
Jun 08, 2024 11:26:07 AM org.openqa.selenium.remote.ProtocolHandshake createSession
INFO: Detected dialect: W3C
ERROR StatusLogger Log4j2 could not find a logging implementation. Please add log4j-core to the classpath. Using SimpleLogger to log to the console...
]]></system-err>
  </testcase>
  <testcase name="clickOnDispositionlinkTest" classname="com.testserver.testcases.BDisposition_Test" time="3.696"/>
  <testcase name="clickBCL" classname="com.testserver.testcases.CBrandcalllog_Test" time="3.83">
    <system-out><![CDATA[28201
28201
Open cases count validated
]]></system-out>
  </testcase>
  <testcase name="bclSelectTag" classname="com.testserver.testcases.CBrandcalllog_Test" time="1.609"/>
  <testcase name="bclUpdateIntiation" classname="com.testserver.testcases.CBrandcalllog_Test" time="0.632"/>
  <testcase name="bclEmailDate" classname="com.testserver.testcases.CBrandcalllog_Test" time="3.778"/>
  <testcase name="bclInitiationLocation" classname="com.testserver.testcases.CBrandcalllog_Test" time="1.144"/>
  <testcase name="bclLocationInhouse" classname="com.testserver.testcases.CBrandcalllog_Test" time="0.133"/>
  <testcase name="bclAddremarks" classname="com.testserver.testcases.CBrandcalllog_Test" time="1.053"/>
  <testcase name="bclFirstConfirm" classname="com.testserver.testcases.CBrandcalllog_Test" time="0.429"/>
  <testcase name="bclSelectItem" classname="com.testserver.testcases.CBrandcalllog_Test" time="1.946"/>
  <testcase name="bclUpdateCallLogTag" classname="com.testserver.testcases.CBrandcalllog_Test" time="1.113"/>
  <testcase name="bclEnterCallLog" classname="com.testserver.testcases.CBrandcalllog_Test" time="0.821"/>
  <testcase name="bclUpdateSecond" classname="com.testserver.testcases.CBrandcalllog_Test" time="0.331">
    <system-out><![CDATA[Call Log Number Updated succusfully
]]></system-out>
  </testcase>
  <testcase name="bclInspectionSelectTag" classname="com.testserver.testcases.CBrandcalllog_Test" time="1.79"/>
  <testcase name="bclInspectionUpdate" classname="com.testserver.testcases.CBrandcalllog_Test" time="0.622"/>
  <testcase name="bclEnterInvoice" classname="com.testserver.testcases.CBrandcalllog_Test" time="0.905"/>
  <testcase name="bclInspectionThird" classname="com.testserver.testcases.CBrandcalllog_Test" time="0.357"/>
  <testcase name="bclSelectTagBrand" classname="com.testserver.testcases.CBrandcalllog_Test" time="1.091"/>
  <testcase name="bclInspectionBrandInspection" classname="com.testserver.testcases.CBrandcalllog_Test" time="0.626"/>
  <testcase name="bclBrandInspectionDate" classname="com.testserver.testcases.CBrandcalllog_Test" time="3.989"/>
  <testcase name="bclBrandInspectionLocation" classname="com.testserver.testcases.CBrandcalllog_Test" time="0.604"/>
  <testcase name="bclBrandLocationInhouse" classname="com.testserver.testcases.CBrandcalllog_Test" time="0.143"/>
  <testcase name="bclBrandInspectionRemarks" classname="com.testserver.testcases.CBrandcalllog_Test" time="0.842"/>
  <testcase name="bclBrandInspectionAttachDoc" classname="com.testserver.testcases.CBrandcalllog_Test" time="3.382"/>
  <testcase name="bclBrandInspectionConfirm" classname="com.testserver.testcases.CBrandcalllog_Test" time="2.135">
    <system-out><![CDATA[Brand Inpsetion Succussfully verifyied
]]></system-out>
  </testcase>
  <testcase name="bclResolutionSelectItem" classname="com.testserver.testcases.CBrandcalllog_Test" time="3.102"/>
  <testcase name="bclBrandResolution" classname="com.testserver.testcases.CBrandcalllog_Test" time="1.674"/>
  <testcase name="bclBrandInspectionSetDisposition" classname="com.testserver.testcases.CBrandcalllog_Test" time="0.23"/>
  <testcase name="bclBrandSetDispoInsurance" classname="com.testserver.testcases.CBrandcalllog_Test" time="0.643"/>
  <testcase name="bclBrandResolutionRemarks" classname="com.testserver.testcases.CBrandcalllog_Test" time="0.855"/>
  <testcase name="bclBrandResolutionAttachDoc" classname="com.testserver.testcases.CBrandcalllog_Test" time="2.859"/>
  <testcase name="bclBrandResolutionConfirm" classname="com.testserver.testcases.CBrandcalllog_Test" time="2.154">
    <system-out><![CDATA[Brand Resolution Succussfully verifyied
]]></system-out>
  </testcase>
  <testcase name="Disposition" classname="com.testserver.testcases.CBrandcalllog_Test" time="2.137"/>
  <testcase name="Insurance1" classname="com.testserver.testcases.DInsurance_Test" time="2.035">
    <system-out><![CDATA[459
459
Open cases count validated
]]></system-out>
  </testcase>
  <testcase name="insuSelectItem" classname="com.testserver.testcases.DInsurance_Test" time="2.766"/>
  <testcase name="insuClaimSubmitionDate" classname="com.testserver.testcases.DInsurance_Test" time="4.288"/>
  <testcase name="insuClaimAmount" classname="com.testserver.testcases.DInsurance_Test" time="1.269"/>
  <testcase name="insuAddRemarks" classname="com.testserver.testcases.DInsurance_Test" time="1.207"/>
  <testcase name="insuAttachDoc" classname="com.testserver.testcases.DInsurance_Test" time="2.663"/>
  <testcase name="insuConfirmFirst" classname="com.testserver.testcases.DInsurance_Test" time="3.148">
    <system-out><![CDATA[Pending claim registration succussfully updated
]]></system-out>
  </testcase>
  <testcase name="insuUpdateCallSelectItem" classname="com.testserver.testcases.DInsurance_Test" time="3.901"/>
  <testcase name="insuUpdateClaimCallLog" classname="com.testserver.testcases.DInsurance_Test" time="3.113"/>
  <testcase name="insuEnterCallLog" classname="com.testserver.testcases.DInsurance_Test" time="1.386"/>
  <testcase name="insuConfirmSecond" classname="com.testserver.testcases.DInsurance_Test" time="1.621">
    <system-out><![CDATA[CallLog No. updated succussfully
]]></system-out>
  </testcase>
  <testcase name="insuSurveyorSelectItem" classname="com.testserver.testcases.DInsurance_Test" time="2.159"/>
  <testcase name="insuSurveyorClaimInspectionDate" classname="com.testserver.testcases.DInsurance_Test" time="6.229"/>
  <testcase name="InsuSurveyorAddRemarks" classname="com.testserver.testcases.DInsurance_Test" time="0.824"/>
  <testcase name="insuAttachDocInspection" classname="com.testserver.testcases.DInsurance_Test" time="3.156"/>
  <testcase name="insuConfirmThird" classname="com.testserver.testcases.DInsurance_Test" time="1.59">
    <system-out><![CDATA[Pending surveyor inspection verifyied succusfully
]]></system-out>
  </testcase>
  <testcase name="insuClaimResolutionApprove" classname="com.testserver.testcases.DInsurance_Test" time="2.595"/>
  <testcase name="insuClaimResolutionApprovelDate" classname="com.testserver.testcases.DInsurance_Test" time="5.281"/>
  <testcase name="insuClaimResolutionApprovedAmount" classname="com.testserver.testcases.DInsurance_Test" time="0.265"/>
  <testcase name="insuClaimResolutionAddRemarks" classname="com.testserver.testcases.DInsurance_Test" time="0.38"/>
  <testcase name="insuAttachDocClaimresolution" classname="com.testserver.testcases.DInsurance_Test" time="3.177"/>
  <testcase name="insuConfirmFourth" classname="com.testserver.testcases.DInsurance_Test" time="2.135">
    <system-out><![CDATA[Pending claim resolution updated succussfully
]]></system-out>
  </testcase>
  <testcase name="insuPendingLiquidationSelectItem" classname="com.testserver.testcases.DInsurance_Test" time="2.117"/>
  <testcase name="insuPendingLiquidSetDisposition" classname="com.testserver.testcases.DInsurance_Test" time="1.113"/>
  <testcase name="insuSetDispositionLiquidation" classname="com.testserver.testcases.DInsurance_Test" time="1.133"/>
  <testcase name="insuPendingLiquidationAddRemarks" classname="com.testserver.testcases.DInsurance_Test" time="1.894"/>
  <testcase name="insuAttachDocPendingLiqui" classname="com.testserver.testcases.DInsurance_Test" time="3.148"/>
  <testcase name="insuConfirm5th" classname="com.testserver.testcases.DInsurance_Test" time="2.109">
    <system-out><![CDATA[Pending liquidation item succussfully moved 
]]></system-out>
  </testcase>
  <testcase name="Disposition" classname="com.testserver.testcases.DInsurance_Test" time="2.161"/>
  <testcase name="RTV" classname="com.testserver.testcases.FRTV_Test" time="1.866">
    <system-out><![CDATA[129399
129399
Open cases count validated
]]></system-out>
  </testcase>
  <testcase name="rtvSelectItem" classname="com.testserver.testcases.FRTV_Test" time="1.653"/>
  <testcase name="RTVSetDisposition" classname="com.testserver.testcases.FRTV_Test" time="1.651"/>
  <testcase name="RTVDispoToInsurance" classname="com.testserver.testcases.FRTV_Test" time="1.648"/>
  <testcase name="RTVAddRemarks" classname="com.testserver.testcases.FRTV_Test" time="0.855"/>
  <testcase name="RTVAttachDoc" classname="com.testserver.testcases.FRTV_Test" time="2.632"/>
  <testcase name="RTVConfirm" classname="com.testserver.testcases.FRTV_Test" time="2.123"/>
  <testcase name="rtvSelectItemForDispatch" classname="com.testserver.testcases.FRTV_Test" time="3.254"/>
  <testcase name="RTVMoveToDispatch" classname="com.testserver.testcases.FRTV_Test" time="2.201"/>
  <testcase name="RTVVendorcode" classname="com.testserver.testcases.FRTV_Test" time="0.207"/>
  <testcase name="RTVVendorDropdown" classname="com.testserver.testcases.FRTV_Test" time="2.301"/>
  <testcase name="RTVLotName" classname="com.testserver.testcases.FRTV_Test" time="0.852"/>
  <testcase name="RTVConfirmDispatch" classname="com.testserver.testcases.FRTV_Test" time="1.607"/>
  <testcase name="RTVDispatchOkbutton" classname="com.testserver.testcases.FRTV_Test" time="2.269">
    <system-out><![CDATA[Lot succussfully created from RTV
]]></system-out>
  </testcase>
  <testcase name="logout" classname="com.testserver.testcases.ZLogout_Test" time="1.181"/>
  <testcase name="Logout_Test" classname="com.testserver.testcases.ZLogout_Test" time="1.097"/>
</testsuite>